Performing C SOURCE FILE Test CMAKE_HAVE_LIBC_PTHREAD failed with the following output:
Change Dir: /home/pi/GuitarTuner/lib/cppThread/CMakeFiles/CMakeTmp

Run Build Command(s):/usr/bin/make cmTC_307aa/fast && /usr/bin/make -f CMakeFiles/cmTC_307aa.dir/build.make CMakeFiles/cmTC_307aa.dir/build
make[1]: Entering directory '/home/pi/GuitarTuner/lib/cppThread/CMakeFiles/CMakeTmp'
Building C object CMakeFiles/cmTC_307aa.dir/src.c.o
/usr/bin/cc   -DCMAKE_HAVE_LIBC_PTHREAD   -o CMakeFiles/cmTC_307aa.dir/src.c.o   -c /home/pi/GuitarTuner/lib/cppThread/CMakeFiles/CMakeTmp/src.c
Linking C executable cmTC_307aa
/usr/bin/cmake -E cmake_link_script CMakeFiles/cmTC_307aa.dir/link.txt --verbose=1
/usr/bin/cc  -DCMAKE_HAVE_LIBC_PTHREAD    -rdynamic CMakeFiles/cmTC_307aa.dir/src.c.o  -o cmTC_307aa 
/usr/bin/ld: CMakeFiles/cmTC_307aa.dir/src.c.o: in function `main':
src.c:(.text+0x40): undefined reference to `pthread_create'
/usr/bin/ld: src.c:(.text+0x4c): undefined reference to `pthread_detach'
/usr/bin/ld: src.c:(.text+0x5c): undefined reference to `pthread_join'
collect2: error: ld returned 1 exit status
make[1]: *** [CMakeFiles/cmTC_307aa.dir/build.make:87: cmTC_307aa] Error 1
make[1]: Leaving directory '/home/pi/GuitarTuner/lib/cppThread/CMakeFiles/CMakeTmp'
make: *** [Makefile:121: cmTC_307aa/fast] Error 2


Source file was:
#include <pthread.h>

void* test_func(void* data)
{
  return data;
}

int main(void)
{
  pthread_t thread;
  pthread_create(&thread, NULL, test_func, NULL);
  pthread_detach(thread);
  pthread_join(thread, NULL);
  pthread_atfork(NULL, NULL, NULL);
  pthread_exit(NULL);

  return 0;
}

Determining if the function pthread_create exists in the pthreads failed with the following output:
Change Dir: /home/pi/GuitarTuner/lib/cppThread/CMakeFiles/CMakeTmp

Run Build Command(s):/usr/bin/make cmTC_6380e/fast && /usr/bin/make -f CMakeFiles/cmTC_6380e.dir/build.make CMakeFiles/cmTC_6380e.dir/build
make[1]: Entering directory '/home/pi/GuitarTuner/lib/cppThread/CMakeFiles/CMakeTmp'
Building C object CMakeFiles/cmTC_6380e.dir/CheckFunctionExists.c.o
/usr/bin/cc   -DCHECK_FUNCTION_EXISTS=pthread_create   -o CMakeFiles/cmTC_6380e.dir/CheckFunctionExists.c.o   -c /usr/share/cmake-3.16/Modules/CheckFunctionExists.c
Linking C executable cmTC_6380e
/usr/bin/cmake -E cmake_link_script CMakeFiles/cmTC_6380e.dir/link.txt --verbose=1
/usr/bin/cc  -DCHECK_FUNCTION_EXISTS=pthread_create    -rdynamic CMakeFiles/cmTC_6380e.dir/CheckFunctionExists.c.o  -o cmTC_6380e  -lpthreads 
/usr/bin/ld: cannot find -lpthreads
collect2: error: ld returned 1 exit status
make[1]: *** [CMakeFiles/cmTC_6380e.dir/build.make:87: cmTC_6380e] Error 1
make[1]: Leaving directory '/home/pi/GuitarTuner/lib/cppThread/CMakeFiles/CMakeTmp'
make: *** [Makefile:121: cmTC_6380e/fast] Error 2



Performing C SOURCE FILE Test CMAKE_HAVE_LIBC_PTHREAD failed with the following output:
Change Dir: /home/pi/GuitarTuner/lib/CppThread/CMakeFiles/CMakeTmp

Run Build Command(s):/usr/bin/make cmTC_e7dd0/fast && /usr/bin/make -f CMakeFiles/cmTC_e7dd0.dir/build.make CMakeFiles/cmTC_e7dd0.dir/build
make[1]: Entering directory '/home/pi/GuitarTuner/lib/CppThread/CMakeFiles/CMakeTmp'
Building C object CMakeFiles/cmTC_e7dd0.dir/src.c.o
/usr/bin/cc   -DCMAKE_HAVE_LIBC_PTHREAD   -o CMakeFiles/cmTC_e7dd0.dir/src.c.o   -c /home/pi/GuitarTuner/lib/CppThread/CMakeFiles/CMakeTmp/src.c
Linking C executable cmTC_e7dd0
/usr/bin/cmake -E cmake_link_script CMakeFiles/cmTC_e7dd0.dir/link.txt --verbose=1
/usr/bin/cc  -DCMAKE_HAVE_LIBC_PTHREAD    -rdynamic CMakeFiles/cmTC_e7dd0.dir/src.c.o  -o cmTC_e7dd0 
/usr/bin/ld: CMakeFiles/cmTC_e7dd0.dir/src.c.o: in function `main':
src.c:(.text+0x40): undefined reference to `pthread_create'
/usr/bin/ld: src.c:(.text+0x4c): undefined reference to `pthread_detach'
/usr/bin/ld: src.c:(.text+0x5c): undefined reference to `pthread_join'
collect2: error: ld returned 1 exit status
make[1]: *** [CMakeFiles/cmTC_e7dd0.dir/build.make:87: cmTC_e7dd0] Error 1
make[1]: Leaving directory '/home/pi/GuitarTuner/lib/CppThread/CMakeFiles/CMakeTmp'
make: *** [Makefile:121: cmTC_e7dd0/fast] Error 2


Source file was:
#include <pthread.h>

void* test_func(void* data)
{
  return data;
}

int main(void)
{
  pthread_t thread;
  pthread_create(&thread, NULL, test_func, NULL);
  pthread_detach(thread);
  pthread_join(thread, NULL);
  pthread_atfork(NULL, NULL, NULL);
  pthread_exit(NULL);

  return 0;
}

Determining if the function pthread_create exists in the pthreads failed with the following output:
Change Dir: /home/pi/GuitarTuner/lib/CppThread/CMakeFiles/CMakeTmp

Run Build Command(s):/usr/bin/make cmTC_1364f/fast && /usr/bin/make -f CMakeFiles/cmTC_1364f.dir/build.make CMakeFiles/cmTC_1364f.dir/build
make[1]: Entering directory '/home/pi/GuitarTuner/lib/CppThread/CMakeFiles/CMakeTmp'
Building C object CMakeFiles/cmTC_1364f.dir/CheckFunctionExists.c.o
/usr/bin/cc   -DCHECK_FUNCTION_EXISTS=pthread_create   -o CMakeFiles/cmTC_1364f.dir/CheckFunctionExists.c.o   -c /usr/share/cmake-3.16/Modules/CheckFunctionExists.c
Linking C executable cmTC_1364f
/usr/bin/cmake -E cmake_link_script CMakeFiles/cmTC_1364f.dir/link.txt --verbose=1
/usr/bin/cc  -DCHECK_FUNCTION_EXISTS=pthread_create    -rdynamic CMakeFiles/cmTC_1364f.dir/CheckFunctionExists.c.o  -o cmTC_1364f  -lpthreads 
/usr/bin/ld: cannot find -lpthreads
collect2: error: ld returned 1 exit status
make[1]: *** [CMakeFiles/cmTC_1364f.dir/build.make:87: cmTC_1364f] Error 1
make[1]: Leaving directory '/home/pi/GuitarTuner/lib/CppThread/CMakeFiles/CMakeTmp'
make: *** [Makefile:121: cmTC_1364f/fast] Error 2



